{"level":"info","message":"clientsRouter loaded","timestamp":"2025-07-28 11:30:52"}
{"level":"info","message":"productsRouter loaded","timestamp":"2025-07-28 11:30:52"}
{"level":"info","message":"Starting server on port 3000 [development]","timestamp":"2025-07-28 11:30:52"}
{"level":"info","message":"Server is running on port 3000 [development]","timestamp":"2025-07-28 11:30:52"}
{"level":"info","message":"clientsRouter loaded","timestamp":"2025-07-28 11:34:13"}
{"level":"info","message":"productsRouter loaded","timestamp":"2025-07-28 11:34:13"}
{"level":"info","message":"Starting server on port 3000 [development]","timestamp":"2025-07-28 11:34:13"}
{"level":"info","message":"Server is running on port 3000 [development]","timestamp":"2025-07-28 11:34:13"}
{"level":"info","message":"clientsRouter loaded","timestamp":"2025-07-28 11:34:49"}
{"level":"info","message":"productsRouter loaded","timestamp":"2025-07-28 11:34:49"}
{"level":"info","message":"Starting server on port 3000 [development]","timestamp":"2025-07-28 11:34:49"}
{"level":"info","message":"Server is running on port 3000 [development]","timestamp":"2025-07-28 11:34:49"}
{"level":"info","message":"clientsRouter loaded","timestamp":"2025-07-28 11:50:19"}
{"level":"info","message":"productsRouter loaded","timestamp":"2025-07-28 11:50:19"}
{"level":"info","message":"Starting server on port 3000 [development]","timestamp":"2025-07-28 11:50:19"}
{"level":"info","message":"Server is running on port 3000 [development]","timestamp":"2025-07-28 11:50:19"}
{"level":"error","message":"SyntaxError: Expected property name or '}' in JSON at position 21 (line 3 column 9)\n    at JSON.parse (<anonymous>)\n    at parse (C:\\Users\\ana.vieira\\Desktop\\Repos\\rest-api-architecture\\node_modules\\body-parser\\lib\\types\\json.js:77:19)\n    at C:\\Users\\ana.vieira\\Desktop\\Repos\\rest-api-architecture\\node_modules\\body-parser\\lib\\read.js:123:18\n    at AsyncResource.runInAsyncScope (node:async_hooks:211:14)\n    at invokeCallback (C:\\Users\\ana.vieira\\Desktop\\Repos\\rest-api-architecture\\node_modules\\raw-body\\index.js:238:16)\n    at done (C:\\Users\\ana.vieira\\Desktop\\Repos\\rest-api-architecture\\node_modules\\raw-body\\index.js:227:7)\n    at IncomingMessage.onEnd (C:\\Users\\ana.vieira\\Desktop\\Repos\\rest-api-architecture\\node_modules\\raw-body\\index.js:287:7)\n    at IncomingMessage.emit (node:events:524:28)\n    at endReadableNT (node:internal/streams/readable:1698:12)\n    at process.processTicksAndRejections (node:internal/process/task_queues:90:21)","timestamp":"2025-07-28 11:52:10"}
{"level":"info","message":"clientsRouter loaded","timestamp":"2025-07-28 14:31:49"}
{"level":"info","message":"productsRouter loaded","timestamp":"2025-07-28 14:31:49"}
{"level":"info","message":"Starting server on port 3000 [development]","timestamp":"2025-07-28 14:31:49"}
{"level":"info","message":"Server is running on port 3000 [development]","timestamp":"2025-07-28 14:31:49"}
{"level":"info","message":"clientsRouter loaded","timestamp":"2025-07-28 17:55:47"}
{"level":"info","message":"productsRouter loaded","timestamp":"2025-07-28 17:55:47"}
{"level":"info","message":"Starting server on port 3000 [development]","timestamp":"2025-07-28 17:55:48"}
{"level":"info","message":"Server is running on port 3000 [development]","timestamp":"2025-07-28 17:55:48"}
{"level":"info","message":"clientsRouter loaded","timestamp":"2025-07-28 18:00:27"}
{"level":"info","message":"productsRouter loaded","timestamp":"2025-07-28 18:00:27"}
{"level":"info","message":"Starting server on port 3000 [development]","timestamp":"2025-07-28 18:00:27"}
{"level":"info","message":"Server is running on port 3000 [development]","timestamp":"2025-07-28 18:00:27"}
{"level":"info","message":"clientsRouter loaded","timestamp":"2025-07-28 18:04:29"}
{"level":"info","message":"productsRouter loaded","timestamp":"2025-07-28 18:04:29"}
{"level":"info","message":"Starting server on port 3000 [development]","timestamp":"2025-07-28 18:04:29"}
{"level":"info","message":"Server is running on port 3000 [development]","timestamp":"2025-07-28 18:04:29"}
